[INFO  - 2020-11-07T15:44:37.193Z] GhostDriver - Main - running on port 53510
[INFO  - 2020-11-07T15:44:41.648Z] Session [26a457b0-2110-11eb-82c1-9f4e73bbe72c] - page.settings - {"XSSAuditingEnabled":false,"javascriptCanCloseWindows":true,"javascriptCanOpenWindows":true,"javascriptEnabled":true,"loadImages":true,"localToRemoteUrlAccessEnabled":false,"userAgent":"Mozilla/5.0 (Windows NT 6.2; WOW64) AppleWebKit/538.1 (KHTML, like Gecko) PhantomJS/2.1.1 Safari/538.1","webSecurityEnabled":true}
[INFO  - 2020-11-07T15:44:41.648Z] Session [26a457b0-2110-11eb-82c1-9f4e73bbe72c] - page.customHeaders:  - {}
[INFO  - 2020-11-07T15:44:41.648Z] Session [26a457b0-2110-11eb-82c1-9f4e73bbe72c] - Session.negotiatedCapabilities - {"browserName":"phantomjs","version":"2.1.1","driverName":"ghostdriver","driverVersion":"1.2.0","platform":"windows-10-32bit","javascriptEnabled":true,"takesScreenshot":true,"handlesAlerts":false,"databaseEnabled":false,"locationContextEnabled":false,"applicationCacheEnabled":false,"browserConnectionEnabled":false,"cssSelectorsEnabled":true,"webStorageEnabled":false,"rotatable":false,"acceptSslCerts":false,"nativeEvents":true,"proxy":{"proxyType":"direct"}}
[INFO  - 2020-11-07T15:44:41.649Z] SessionManagerReqHand - _postNewSessionCommand - New Session Created: 26a457b0-2110-11eb-82c1-9f4e73bbe72c
[ERROR - 2020-11-07T15:44:44.928Z] WebElementLocator - _handleLocateCommand - Element(s) NOT Found: GAVE UP. Search Stop Time: 160476388487[INFO  - 2020-11-07T15:45:41.458Z] SessionManagerReqHand - _cleanupWindowlessSessions - Asynchronous Sessions clean-up phase starting NOW
[INFO  - 2020-11-07T15:50:41.466Z] SessionManagerReqHand - _cleanupWindowlessSessions - Asynchronous Sessions clean-up phase starting NOW
[INFO  - 2020-11-07T15:55:41.467Z] SessionManagerReqHand - _cleanupWindowlessSessions - Asynchronous Sessions clean-up phase starting NOW
[INFO  - 2020-11-07T16:00:41.467Z] SessionManagerReqHand - _cleanupWindowlessSessions - Asynchronous Sessions clean-up phase starting NOW
[INFO  - 2020-11-07T16:05:41.468Z] SessionManagerReqHand - _cleanupWindowlessSessions - Asynchronous Sessions clean-up phase starting NOW
s - Asynchronous Sessions clean-up phase starting NOW
[INFO  - 2020-11-07T16:05:16.201Z] SessionManagerReqHand - _cleanupWindowlessSessions - Asynchronous Sessions clean-up phase starting NOW
d - _cleanupWindowlessSessions - Asynchronous Sessions clean-up phase starting NOW
[INFO  - 2020-11-07T16:03:[INFO  - 2020-11-07T16:06:06.303Z] SessionManagerReqHand - _cleanupWindowlessSessions - Asynchronous Sessions cle[INFO  - 2020-11-07T16:08:34.309Z] SessionManagerReqHand - _cleanupWindowlessSessions - Asynchronous Sessions clean-up phase starting NOW
FO  - 2020-11-07T15:56:06.468Z] SessionManagerReqHand - _cleanupWindowlessSessions - Asynchronous Sessions clean-up phase starting NOW
[INFO  - 2020-11-07T16:01:06.468Z] SessionManagerReqHand - _cleanupWindowlessSessions - Asynchronous Sessions clean-up phase starting NOW
[INFO  - 2020-11-07T16:06:06.468Z] SessionManagerReqHand - _cleanupWindowlessSessions - Asynchronous Sessions clean-up phase starting NOW
clean-up phase starting NOW
24.608Z] SessionManagerReqHand - _cleanupWindowlessSessions - Asynchronous Sessions clean-up phase starting NOW
[INFO  - 2020-11-07T16:05:24.608Z] SessionManagerReqHand - _cleanupWindowlessSessions - Asynchronous Sessions clean-up phase starting NOW
an-up phase starting NOW
